#
# A fatal error has been detected by the Java Runtime Environment:
#
#  EXCEPTION_ACCESS_VIOLATION (0xc0000005) at pc=0x00000000524769f0, pid=8184, tid=0x0000000000001f30
#
# JRE version: OpenJDK Runtime Environment (8.0_76-b03) (build 1.8.0_76-release-b03)
# Java VM: OpenJDK 64-Bit Server VM (25.76-b03 mixed mode windows-amd64 compressed oops)
# Problematic frame:
# V  [jvm.dll+0x4669f0]
#
# Failed to write core dump. Minidumps are not enabled by default on client versions of Windows
#
# If you would like to submit a bug report, please visit:
#   http://bugreport.java.com/bugreport/crash.jsp
#

---------------  T H R E A D  ---------------

Current thread (0x00000000165f7000):  JavaThread "C2 CompilerThread0" daemon [_thread_in_native, id=7984, stack(0x0000000017c30000,0x0000000017d30000)]

siginfo: ExceptionCode=0xc0000005, reading address 0x00000400527ca418

Registers:
RAX=0x0000000000000000, RBX=0x0000000021bffc90, RCX=0x00000400527ca418, RDX=0x0000000000000000
RSP=0x0000000017d2c0d0, RBP=0x000000000000004a, RSI=0x0000000000000250, RDI=0x0000000017d2c120
R8 =0x0000000008000000, R9 =0x000000001f9d0120, R10=0x0000000052010000, R11=0x0000000017d2bff0
R12=0x00000000527ca418, R13=0x0000000052010000, R14=0x000000001663d158, R15=0x00000000000003d8
RIP=0x00000000524769f0, EFLAGS=0x0000000000010246

Top of Stack: (sp=0x0000000017d2c0d0)
0x0000000017d2c0d0:   0000000017d2e8b0 0000000021b0a470
0x0000000017d2c0e0:   fffffffffffffff8 0000000002bc3ea0
0x0000000017d2c0f0:   0000000000002cfb 0000000052471abf
0x0000000017d2c100:   0000000021a86b70 0000000021bffc90
0x0000000017d2c110:   0000000000002cfb 0000000017d2c200
0x0000000017d2c120:   00002cff00000000 0000000000000008
0x0000000017d2c130:   00000400527ca418 000000000000002d
0x0000000017d2c140:   000000001b556990 000000000000004d
0x0000000017d2c150:   0000000021bffd30 0000000017d2c4f0
0x0000000017d2c160:   000000001663cd80 0000000017d2c4f0
0x0000000017d2c170:   000000001663cd70 000000005243ecc1
0x0000000017d2c180:   0000000000000000 0000000017d2c280
0x0000000017d2c190:   0000000000000000 000000000000000c
0x0000000017d2c1a0:   0000000000000002 000000001663cd70
0x0000000017d2c1b0:   000000001dc3c500 000000001dc41190
0x0000000017d2c1c0:   000000001dc444e8 0000000001760090 

Instructions: (pc=0x00000000524769f0)
0x00000000524769d0:   48 8b 4f 20 48 39 04 0e 0f 84 9d 00 00 00 48 8b
0x00000000524769e0:   0c 0e 33 d2 33 c0 48 89 4f 10 66 0f 1f 44 00 00
0x00000000524769f0:   83 3c 08 00 0f 85 36 01 00 00 ff c2 48 83 c0 04
0x0000000052476a00:   83 fa 08 72 eb 48 8b 47 30 48 89 44 24 30 48 85 


Register to memory mapping:

RAX=0x0000000000000000 is an unknown value
RBX=0x0000000021bffc90 is an unknown value
RCX=0x00000400527ca418 is an unknown value
RDX=0x0000000000000000 is an unknown value
RSP=0x0000000017d2c0d0 is pointing into the stack for thread: 0x00000000165f7000
RBP=0x000000000000004a is an unknown value
RSI=0x0000000000000250 is an unknown value
RDI=0x0000000017d2c120 is pointing into the stack for thread: 0x00000000165f7000
R8 =0x0000000008000000 is an unknown value
R9 =0x000000001f9d0120 is an unknown value
R10=0x0000000052010000 is an unknown value
R11=0x0000000017d2bff0 is pointing into the stack for thread: 0x00000000165f7000
R12=0x00000000527ca418 is an unknown value
R13=0x0000000052010000 is an unknown value
R14=0x000000001663d158 is an unknown value
R15=0x00000000000003d8 is an unknown value


Stack: [0x0000000017c30000,0x0000000017d30000],  sp=0x0000000017d2c0d0,  free space=1008k
Native frames: (J=compiled Java code, j=interpreted, Vv=VM code, C=native code)
V  [jvm.dll+0x4669f0]
V  [jvm.dll+0x461abf]
V  [jvm.dll+0x42ecc1]
V  [jvm.dll+0x43931b]
V  [jvm.dll+0x43badf]
V  [jvm.dll+0x41f212]
V  [jvm.dll+0x806e9]
V  [jvm.dll+0x8101f]
V  [jvm.dll+0x21bc14]
V  [jvm.dll+0x26b60a]
C  [msvcr100.dll+0x21d9f]
C  [msvcr100.dll+0x21e3b]
C  [KERNEL32.DLL+0x8364]
C  [ntdll.dll+0x670d1]


Current CompileTask:
C2:  37107 9063   !   4       com.android.dx.cf.code.Ropper::processBlock (1101 bytes)


---------------  P R O C E S S  ---------------

Java Threads: ( => current thread )
  0x0000000019b74800 JavaThread "pool-5-thread-4" [_thread_in_Java, id=4404, stack(0x0000000021530000,0x0000000021630000)]
  0x0000000019b79000 JavaThread "pool-5-thread-3" [_thread_in_Java, id=10424, stack(0x0000000021430000,0x0000000021530000)]
  0x000000001ee80000 JavaThread "pool-5-thread-2" [_thread_in_Java, id=10124, stack(0x0000000021330000,0x0000000021430000)]
  0x000000001ee7f800 JavaThread "pool-6-thread-1" [_thread_blocked, id=3884, stack(0x0000000021230000,0x0000000021330000)]
  0x000000001ee7e800 JavaThread "pool-5-thread-1" [_thread_in_Java, id=6560, stack(0x0000000020f00000,0x0000000021000000)]
  0x000000001ee84800 JavaThread "pool-3-thread-1" [_thread_in_native, id=9720, stack(0x00000000203e0000,0x00000000204e0000)]
  0x000000001ee85800 JavaThread "pool-2-thread-1" [_thread_blocked, id=7400, stack(0x000000001e4b0000,0x000000001e5b0000)]
  0x000000001ee81000 JavaThread "File lock request listener" [_thread_in_native, id=9608, stack(0x000000001e3b0000,0x000000001e4b0000)]
  0x00000000186d2000 JavaThread "Stdin handler" [_thread_blocked, id=9960, stack(0x000000001ab40000,0x000000001ac40000)]
  0x00000000181a1800 JavaThread "Asynchronous log dispatcher for org.gradle.launcher.daemon.server.DefaultDaemonConnection@5d9df5bb" [_thread_blocked, id=4564, stack(0x000000001aa40000,0x000000001ab40000)]
  0x0000000018323800 JavaThread "Daemon worker" [_thread_blocked, id=10812, stack(0x000000001a940000,0x000000001aa40000)]
  0x0000000019193800 JavaThread "Cancel handler" [_thread_blocked, id=5280, stack(0x000000001a840000,0x000000001a940000)]
  0x0000000019191800 JavaThread "Handler for socket connection from /127.0.0.1:62304 to /127.0.0.1:62305" [_thread_in_native, id=7184, stack(0x000000001a740000,0x000000001a840000)]
  0x000000001918e000 JavaThread "Daemon" [_thread_blocked, id=10388, stack(0x000000001a640000,0x000000001a740000)]
  0x00000000192fb000 JavaThread "pool-1-thread-1" [_thread_blocked, id=5564, stack(0x000000001a540000,0x000000001a640000)]
  0x00000000194ae000 JavaThread "Incoming local TCP Connector on port 62304" [_thread_in_native, id=8560, stack(0x0000000018d30000,0x0000000018e30000)]
  0x0000000017f60800 JavaThread "Service Thread" daemon [_thread_blocked, id=7588, stack(0x0000000018330000,0x0000000018430000)]
  0x00000000165ea800 JavaThread "C1 CompilerThread2" daemon [_thread_in_native, id=3876, stack(0x0000000017e30000,0x0000000017f30000)]
  0x00000000165e7000 JavaThread "C2 CompilerThread1" daemon [_thread_in_native, id=3392, stack(0x0000000017d30000,0x0000000017e30000)]
=>0x00000000165f7000 JavaThread "C2 CompilerThread0" daemon [_thread_in_native, id=7984, stack(0x0000000017c30000,0x0000000017d30000)]
  0x00000000165f6000 JavaThread "Attach Listener" daemon [_thread_blocked, id=5980, stack(0x0000000017b30000,0x0000000017c30000)]
  0x00000000165f4800 JavaThread "Signal Dispatcher" daemon [_thread_blocked, id=940, stack(0x0000000017a30000,0x0000000017b30000)]
  0x00000000165d7800 JavaThread "Finalizer" daemon [_thread_blocked, id=7124, stack(0x0000000017840000,0x0000000017940000)]
  0x0000000002bc0000 JavaThread "Reference Handler" daemon [_thread_blocked, id=10844, stack(0x0000000017740000,0x0000000017840000)]
  0x0000000002ad0800 JavaThread "main" [_thread_blocked, id=8556, stack(0x0000000001260000,0x0000000001360000)]

Other Threads:
  0x00000000165b5000 VMThread [stack: 0x0000000017640000,0x0000000017740000] [id=3384]
  0x000000001664d000 WatcherThread [stack: 0x0000000018430000,0x0000000018530000] [id=3416]

VM state:not at safepoint (normal execution)

VM Mutex/Monitor currently owned by a thread: None

Heap:
 PSYoungGen      total 321024K, used 164299K [0x00000000e0000000, 0x00000000ff280000, 0x0000000100000000)
  eden space 284160K, 47% used [0x00000000e0000000,0x00000000e84b08c0,0x00000000f1580000)
  from space 36864K, 77% used [0x00000000f1580000,0x00000000f3142618,0x00000000f3980000)
  to   space 53248K, 0% used [0x00000000fbe80000,0x00000000fbe80000,0x00000000ff280000)
 ParOldGen       total 218624K, used 98860K [0x00000000a0000000, 0x00000000ad580000, 0x00000000e0000000)
  object space 218624K, 45% used [0x00000000a0000000,0x00000000a608b268,0x00000000ad580000)
 Metaspace       used 52496K, capacity 53802K, committed 54064K, reserved 1095680K
  class space    used 6799K, capacity 7093K, committed 7216K, reserved 1048576K

Card table byte_map: [0x0000000012040000,0x0000000012350000] byte_map_base: 0x0000000011b40000

Marking Bits: (ParMarkBitMap*) 0x00000000527c9d00
 Begin Bits: [0x0000000012950000, 0x0000000014150000)
 End Bits:   [0x0000000014150000, 0x0000000015950000)

Polling page: 0x0000000001370000

CodeCache: size=245760Kb used=28924Kb max_used=29153Kb free=216835Kb
 bounds [0x0000000002c80000, 0x0000000004950000, 0x0000000011c80000]
 total_blobs=8717 nmethods=8007 adapters=622
 compilation: enabled

Compilation events (10 events):
Event: 37.025 Thread 0x00000000165ea800 9108       2       com.android.dx.rop.code.RegisterSpecSet::mutableCopy (57 bytes)
Event: 37.026 Thread 0x00000000165ea800 nmethod 9108 0x0000000002e2e4d0 code [0x0000000002e2e640, 0x0000000002e2e988]
Event: 37.030 Thread 0x00000000165ea800 9109       2       com.android.dx.rop.code.RegisterSpecSet::get (9 bytes)
Event: 37.031 Thread 0x00000000165ea800 nmethod 9109 0x0000000003bbcd90 code [0x0000000003bbcf00, 0x0000000003bbd148]
Event: 37.036 Thread 0x00000000165ea800 9110       2       com.android.dx.rop.code.BasicBlock::hasExceptionHandlers (26 bytes)
Event: 37.037 Thread 0x00000000165ea800 nmethod 9110 0x0000000003a86710 code [0x0000000003a868a0, 0x0000000003a86ac8]
Event: 37.037 Thread 0x00000000165ea800 9112       2       com.android.dx.rop.code.LocalVariableExtractor::processBlock (327 bytes)
Event: 37.043 Thread 0x00000000165ea800 nmethod 9112 0x0000000003135e10 code [0x0000000003136120, 0x00000000031370d8]
Event: 37.043 Thread 0x00000000165ea800 9111       2       com.android.dx.rop.code.LocalVariableInfo::mutableCopyOfStarts (29 bytes)
Event: 37.043 Thread 0x00000000165ea800 nmethod 9111 0x0000000003b05cd0 code [0x0000000003b05e60, 0x0000000003b061f8]

GC Heap History (10 events):
Event: 28.881 GC heap before
{Heap before GC invocations=14 (full 2):
 PSYoungGen      total 183808K, used 183778K [0x00000000e0000000, 0x00000000ef900000, 0x0000000100000000)
  eden space 170496K, 100% used [0x00000000e0000000,0x00000000ea680000,0x00000000ea680000)
  from space 13312K, 99% used [0x00000000ea680000,0x00000000eb378968,0x00000000eb380000)
  to   space 15360K, 0% used [0x00000000eea00000,0x00000000eea00000,0x00000000ef900000)
 ParOldGen       total 92160K, used 16509K [0x00000000a0000000, 0x00000000a5a00000, 0x00000000e0000000)
  object space 92160K, 17% used [0x00000000a0000000,0x00000000a101f7b8,0x00000000a5a00000)
 Metaspace       used 50090K, capacity 51402K, committed 51504K, reserved 1093632K
  class space    used 6639K, capacity 6933K, committed 6960K, reserved 1048576K
Event: 28.924 GC heap after
Heap after GC invocations=14 (full 2):
 PSYoungGen      total 235520K, used 15342K [0x00000000e0000000, 0x00000000efd00000, 0x0000000100000000)
  eden space 220160K, 0% used [0x00000000e0000000,0x00000000e0000000,0x00000000ed700000)
  from space 15360K, 99% used [0x00000000eea00000,0x00000000ef8fb968,0x00000000ef900000)
  to   space 19456K, 0% used [0x00000000ed700000,0x00000000ed700000,0x00000000eea00000)
 ParOldGen       total 92160K, used 22628K [0x00000000a0000000, 0x00000000a5a00000, 0x00000000e0000000)
  object space 92160K, 24% used [0x00000000a0000000,0x00000000a16191c8,0x00000000a5a00000)
 Metaspace       used 50090K, capacity 51402K, committed 51504K, reserved 1093632K
  class space    used 6639K, capacity 6933K, committed 6960K, reserved 1048576K
}
Event: 31.843 GC heap before
{Heap before GC invocations=15 (full 2):
 PSYoungGen      total 235520K, used 235502K [0x00000000e0000000, 0x00000000efd00000, 0x0000000100000000)
  eden space 220160K, 100% used [0x00000000e0000000,0x00000000ed700000,0x00000000ed700000)
  from space 15360K, 99% used [0x00000000eea00000,0x00000000ef8fb968,0x00000000ef900000)
  to   space 19456K, 0% used [0x00000000ed700000,0x00000000ed700000,0x00000000eea00000)
 ParOldGen       total 92160K, used 22628K [0x00000000a0000000, 0x00000000a5a00000, 0x00000000e0000000)
  object space 92160K, 24% used [0x00000000a0000000,0x00000000a16191c8,0x00000000a5a00000)
 Metaspace       used 52402K, capacity 53738K, committed 54064K, reserved 1095680K
  class space    used 6797K, capacity 7093K, committed 7216K, reserved 1048576K
Event: 31.943 GC heap after
Heap after GC invocations=15 (full 2):
 PSYoungGen      total 239616K, used 19442K [0x00000000e0000000, 0x00000000f5900000, 0x0000000100000000)
  eden space 220160K, 0% used [0x00000000e0000000,0x00000000e0000000,0x00000000ed700000)
  from space 19456K, 99% used [0x00000000ed700000,0x00000000ee9fc9f8,0x00000000eea00000)
  to   space 32256K, 0% used [0x00000000f3980000,0x00000000f3980000,0x00000000f5900000)
 ParOldGen       total 92160K, used 50964K [0x00000000a0000000, 0x00000000a5a00000, 0x00000000e0000000)
  object space 92160K, 55% used [0x00000000a0000000,0x00000000a31c53e0,0x00000000a5a00000)
 Metaspace       used 52402K, capacity 53738K, committed 54064K, reserved 1095680K
  class space    used 6797K, capacity 7093K, committed 7216K, reserved 1048576K
}
Event: 33.176 GC heap before
{Heap before GC invocations=16 (full 2):
 PSYoungGen      total 239616K, used 239602K [0x00000000e0000000, 0x00000000f5900000, 0x0000000100000000)
  eden space 220160K, 100% used [0x00000000e0000000,0x00000000ed700000,0x00000000ed700000)
  from space 19456K, 99% used [0x00000000ed700000,0x00000000ee9fc9f8,0x00000000eea00000)
  to   space 32256K, 0% used [0x00000000f3980000,0x00000000f3980000,0x00000000f5900000)
 ParOldGen       total 92160K, used 50964K [0x00000000a0000000, 0x00000000a5a00000, 0x00000000e0000000)
  object space 92160K, 55% used [0x00000000a0000000,0x00000000a31c53e0,0x00000000a5a00000)
 Metaspace       used 52467K, capacity 53802K, committed 54064K, reserved 1095680K
  class space    used 6798K, capacity 7093K, committed 7216K, reserved 1048576K
Event: 33.278 GC heap after
Heap after GC invocations=16 (full 2):
 PSYoungGen      total 316416K, used 30201K [0x00000000e0000000, 0x00000000f7080000, 0x0000000100000000)
  eden space 284160K, 0% used [0x00000000e0000000,0x00000000e0000000,0x00000000f1580000)
  from space 32256K, 93% used [0x00000000f3980000,0x00000000f56fe780,0x00000000f5900000)
  to   space 36864K, 0% used [0x00000000f1580000,0x00000000f1580000,0x00000000f3980000)
 ParOldGen       total 92160K, used 70181K [0x00000000a0000000, 0x00000000a5a00000, 0x00000000e0000000)
  object space 92160K, 76% used [0x00000000a0000000,0x00000000a4489498,0x00000000a5a00000)
 Metaspace       used 52467K, capacity 53802K, committed 54064K, reserved 1095680K
  class space    used 6798K, capacity 7093K, committed 7216K, reserved 1048576K
}
Event: 34.654 GC heap before
{Heap before GC invocations=17 (full 2):
 PSYoungGen      total 316416K, used 314361K [0x00000000e0000000, 0x00000000f7080000, 0x0000000100000000)
  eden space 284160K, 100% used [0x00000000e0000000,0x00000000f1580000,0x00000000f1580000)
  from space 32256K, 93% used [0x00000000f3980000,0x00000000f56fe780,0x00000000f5900000)
  to   space 36864K, 0% used [0x00000000f1580000,0x00000000f1580000,0x00000000f3980000)
 ParOldGen       total 92160K, used 70181K [0x00000000a0000000, 0x00000000a5a00000, 0x00000000e0000000)
  object space 92160K, 76% used [0x00000000a0000000,0x00000000a4489498,0x00000000a5a00000)
 Metaspace       used 52496K, capacity 53802K, committed 54064K, reserved 1095680K
  class space    used 6799K, capacity 7093K, committed 7216K, reserved 1048576K
Event: 34.792 GC heap after
Heap after GC invocations=17 (full 2):
 PSYoungGen      total 321024K, used 36842K [0x00000000e0000000, 0x00000000ff280000, 0x0000000100000000)
  eden space 284160K, 0% used [0x00000000e0000000,0x00000000e0000000,0x00000000f1580000)
  from space 36864K, 99% used [0x00000000f1580000,0x00000000f397a9e0,0x00000000f3980000)
  to   space 53248K, 0% used [0x00000000fbe80000,0x00000000fbe80000,0x00000000ff280000)
 ParOldGen       total 99328K, used 99176K [0x00000000a0000000, 0x00000000a6100000, 0x00000000e0000000)
  object space 99328K, 99% used [0x00000000a0000000,0x00000000a60da2f8,0x00000000a6100000)
 Metaspace       used 52496K, capacity 53802K, committed 54064K, reserved 1095680K
  class space    used 6799K, capacity 7093K, committed 7216K, reserved 1048576K
}
Event: 34.792 GC heap before
{Heap before GC invocations=18 (full 3):
 PSYoungGen      total 321024K, used 36842K [0x00000000e0000000, 0x00000000ff280000, 0x0000000100000000)
  eden space 284160K, 0% used [0x00000000e0000000,0x00000000e0000000,0x00000000f1580000)
  from space 36864K, 99% used [0x00000000f1580000,0x00000000f397a9e0,0x00000000f3980000)
  to   space 53248K, 0% used [0x00000000fbe80000,0x00000000fbe80000,0x00000000ff280000)
 ParOldGen       total 99328K, used 99176K [0x00000000a0000000, 0x00000000a6100000, 0x00000000e0000000)
  object space 99328K, 99% used [0x00000000a0000000,0x00000000a60da2f8,0x00000000a6100000)
 Metaspace       used 52496K, capacity 53802K, committed 54064K, reserved 1095680K
  class space    used 6799K, capacity 7093K, committed 7216K, reserved 1048576K
Event: 36.222 GC heap after
Heap after GC invocations=18 (full 3):
 PSYoungGen      total 321024K, used 28425K [0x00000000e0000000, 0x00000000ff280000, 0x0000000100000000)
  eden space 284160K, 0% used [0x00000000e0000000,0x00000000e0000000,0x00000000f1580000)
  from space 36864K, 77% used [0x00000000f1580000,0x00000000f3142618,0x00000000f3980000)
  to   space 53248K, 0% used [0x00000000fbe80000,0x00000000fbe80000,0x00000000ff280000)
 ParOldGen       total 218624K, used 98860K [0x00000000a0000000, 0x00000000ad580000, 0x00000000e0000000)
  object space 218624K, 45% used [0x00000000a0000000,0x00000000a608b268,0x00000000ad580000)
 Metaspace       used 52496K, capacity 53802K, committed 54064K, reserved 1095680K
  class space    used 6799K, capacity 7093K, committed 7216K, reserved 1048576K
}

Deoptimization events (10 events):
Event: 34.154 Thread 0x0000000019b79000 Uncommon trap: reason=unstable_if action=reinterpret pc=0x00000000048b0e58 method=com.android.dx.ssa.SCCP.simulateBranch(Lcom/android/dx/ssa/SsaInsn;)V @ 548
Event: 34.618 Thread 0x0000000019b74800 Uncommon trap: reason=null_check action=make_not_entrant pc=0x0000000004923120 method=com.android.dx.cf.code.Ropper$CatchInfo.getSetup(Lcom/android/dx/rop/type/Type;)Lcom/android/dx/cf/code/Ropper$ExceptionHandlerSetup; @ 10
Event: 36.335 Thread 0x000000001ee84800 Uncommon trap: reason=unstable_if action=reinterpret pc=0x000000000472903c method=com.android.dx.util.IntList.binarysearch(I)I @ 105
Event: 36.447 Thread 0x000000001ee80000 Uncommon trap: reason=bimorphic action=maybe_recompile pc=0x000000000493de74 method=com.android.dx.cf.code.BytecodeArray.parseInstruction(ILcom/android/dx/cf/code/BytecodeArray$Visitor;)I @ 2281
Event: 36.447 Thread 0x000000001ee80000 Uncommon trap: reason=bimorphic action=maybe_recompile pc=0x000000000493de74 method=com.android.dx.cf.code.BytecodeArray.parseInstruction(ILcom/android/dx/cf/code/BytecodeArray$Visitor;)I @ 2281
Event: 36.643 Thread 0x000000001ee7e800 Uncommon trap: reason=bimorphic action=maybe_recompile pc=0x000000000480f4d0 method=com.android.dx.cf.code.OneLocalsArray.set(ILcom/android/dx/rop/type/TypeBearer;)V @ 85
Event: 36.755 Thread 0x000000001ee80000 Uncommon trap: reason=bimorphic action=maybe_recompile pc=0x000000000480f4d0 method=com.android.dx.cf.code.OneLocalsArray.set(ILcom/android/dx/rop/type/TypeBearer;)V @ 85
Event: 36.785 Thread 0x000000001ee84800 Uncommon trap: reason=unstable_if action=reinterpret pc=0x00000000047733dc method=com.android.dx.rop.code.LocalItem.compareHandlesNulls(Lcom/android/dx/rop/cst/CstString;Lcom/android/dx/rop/cst/CstString;)I @ 14
Event: 37.025 Thread 0x000000001ee7e800 Uncommon trap: reason=unstable_if action=reinterpret pc=0x000000000485b0d4 method=com.android.dx.rop.code.RegisterSpecSet.<init>(I)V @ 2
Event: 37.025 Thread 0x000000001ee7e800 Uncommon trap: reason=unstable_if action=reinterpret pc=0x00000000046a9538 method=com.android.dx.rop.code.RegisterSpecSet.<init>(I)V @ 2

Internal exceptions (10 events):
Event: 26.689 Thread 0x0000000018323800 Exception <a 'java/lang/ClassNotFoundException': org/gradle/platform/base/BinaryContainer_ImplCustomizer> (0x00000000e432e248) thrown at [C:\src\android\AOSP-openjdk\external\jetbrains\jdk\hotspot\src\share\vm\classfile\systemDictionary.cpp, line 210]
Event: 26.985 Thread 0x0000000018323800 Exception <a 'java/lang/NoSuchMethodError': <clinit>> (0x00000000e46e0520) thrown at [C:\src\android\AOSP-openjdk\external\jetbrains\jdk\hotspot\src\share\vm\prims\jni.cpp, line 1591]
Event: 26.986 Thread 0x0000000018323800 Exception <a 'java/lang/NoSuchMethodError': <clinit>> (0x00000000e46ed508) thrown at [C:\src\android\AOSP-openjdk\external\jetbrains\jdk\hotspot\src\share\vm\prims\jni.cpp, line 1591]
Event: 27.033 Thread 0x0000000018323800 Exception <a 'java/lang/NoSuchMethodError': <clinit>> (0x00000000e48c9a38) thrown at [C:\src\android\AOSP-openjdk\external\jetbrains\jdk\hotspot\src\share\vm\prims\jni.cpp, line 1591]
Event: 27.037 Thread 0x0000000018323800 Exception <a 'java/lang/NoSuchMethodError': <clinit>> (0x00000000e48e2248) thrown at [C:\src\android\AOSP-openjdk\external\jetbrains\jdk\hotspot\src\share\vm\prims\jni.cpp, line 1591]
Event: 27.037 Thread 0x0000000018323800 Exception <a 'java/lang/NoSuchMethodError': <clinit>> (0x00000000e48e3760) thrown at [C:\src\android\AOSP-openjdk\external\jetbrains\jdk\hotspot\src\share\vm\prims\jni.cpp, line 1591]
Event: 29.680 Thread 0x000000001ee80000 Implicit null exception at 0x000000000440c7e2 to 0x000000000440c8e1
Event: 30.565 Thread 0x0000000019b79000 Implicit null exception at 0x000000000454d1b8 to 0x000000000454d405
Event: 34.618 Thread 0x0000000019b74800 Implicit null exception at 0x0000000004919e14 to 0x00000000049230d9
Event: 36.785 Thread 0x000000001ee84800 Implicit null exception at 0x0000000004772289 to 0x00000000047733a9

Events (10 events):
Event: 36.785 Thread 0x000000001ee84800 DEOPT PACKING pc=0x00000000047733dc sp=0x00000000204de290
Event: 36.785 Thread 0x000000001ee84800 DEOPT UNPACKING pc=0x0000000002cc556a sp=0x00000000204de018 mode 2
Event: 36.910 Thread 0x000000001ee84800 DEOPT PACKING pc=0x0000000004783313 sp=0x00000000204de240
Event: 36.910 Thread 0x000000001ee84800 DEOPT UNPACKING pc=0x0000000002cc75bf sp=0x00000000204ddfd0 mode 0
Event: 37.025 Thread 0x000000001ee7e800 Uncommon trap: trap_request=0xffffff65 fr.pc=0x000000000485b0d4
Event: 37.025 Thread 0x000000001ee7e800 DEOPT PACKING pc=0x000000000485b0d4 sp=0x0000000020ffeae0
Event: 37.025 Thread 0x000000001ee7e800 DEOPT UNPACKING pc=0x0000000002cc556a sp=0x0000000020ffe9f8 mode 2
Event: 37.025 Thread 0x000000001ee7e800 Uncommon trap: trap_request=0xffffff65 fr.pc=0x00000000046a9538
Event: 37.025 Thread 0x000000001ee7e800 DEOPT PACKING pc=0x00000000046a9538 sp=0x0000000020ffea30
Event: 37.025 Thread 0x000000001ee7e800 DEOPT UNPACKING pc=0x0000000002cc556a sp=0x0000000020ffe968 mode 2


Dynamic libraries:
0x00007ff6b2250000 - 0x00007ff6b2281000 	C:\Program Files\Android\Android Studio\jre\bin\java.exe
0x00007ffa30a10000 - 0x00007ffa30be1000 	C:\Windows\SYSTEM32\ntdll.dll
0x00007ffa2e050000 - 0x00007ffa2e0fb000 	C:\Windows\System32\KERNEL32.DLL
0x00007ffa2d030000 - 0x00007ffa2d24d000 	C:\Windows\System32\KERNELBASE.dll
0x00007ffa2dfa0000 - 0x00007ffa2e042000 	C:\Windows\System32\ADVAPI32.dll
0x00007ffa300e0000 - 0x00007ffa3017e000 	C:\Windows\System32\msvcrt.dll
0x00007ffa2e350000 - 0x00007ffa2e3a9000 	C:\Windows\System32\sechost.dll
0x00007ffa304b0000 - 0x00007ffa305d1000 	C:\Windows\System32\RPCRT4.dll
0x00007ffa2f990000 - 0x00007ffa2faf5000 	C:\Windows\System32\USER32.dll
0x00007ffa2cf00000 - 0x00007ffa2cf1e000 	C:\Windows\System32\win32u.dll
0x00007ffa2f8e0000 - 0x00007ffa2f914000 	C:\Windows\System32\GDI32.dll
0x00007ffa2d350000 - 0x00007ffa2d4d2000 	C:\Windows\System32\gdi32full.dll
0x00007ffa22e60000 - 0x00007ffa230da000 	C:\Windows\WinSxS\amd64_microsoft.windows.common-controls_6595b64144ccf1df_6.0.14393.953_none_42151e83c686086b\COMCTL32.dll
0x00007ffa30180000 - 0x00007ffa30448000 	C:\Windows\System32\combase.dll
0x00007ffa2d250000 - 0x00007ffa2d345000 	C:\Windows\System32\ucrtbase.dll
0x00007ffa2dee0000 - 0x00007ffa2df4a000 	C:\Windows\System32\bcryptPrimitives.dll
0x00007ffa2e320000 - 0x00007ffa2e34e000 	C:\Windows\System32\IMM32.DLL
0x0000000051b20000 - 0x0000000051bf2000 	C:\Program Files\Android\Android Studio\jre\jre\bin\msvcr100.dll
0x0000000052010000 - 0x0000000052844000 	C:\Program Files\Android\Android Studio\jre\jre\bin\server\jvm.dll
0x00007ffa2e100000 - 0x00007ffa2e108000 	C:\Windows\System32\PSAPI.DLL
0x00007ffa2ae70000 - 0x00007ffa2ae7a000 	C:\Windows\SYSTEM32\VERSION.dll
0x00007ffa1e270000 - 0x00007ffa1e279000 	C:\Windows\SYSTEM32\WSOCK32.dll
0x00007ffa2a9f0000 - 0x00007ffa2aa13000 	C:\Windows\SYSTEM32\WINMM.dll
0x00007ffa2f920000 - 0x00007ffa2f98a000 	C:\Windows\System32\WS2_32.dll
0x00007ffa2a990000 - 0x00007ffa2a9bb000 	C:\Windows\SYSTEM32\WINMMBASE.dll
0x00007ffa2df50000 - 0x00007ffa2df92000 	C:\Windows\System32\cfgmgr32.dll
0x00007ffa230e0000 - 0x00007ffa230ef000 	C:\Program Files\Android\Android Studio\jre\jre\bin\verify.dll
0x00007ffa11b10000 - 0x00007ffa11b39000 	C:\Program Files\Android\Android Studio\jre\jre\bin\java.dll
0x00007ffa166f0000 - 0x00007ffa16706000 	C:\Program Files\Android\Android Studio\jre\jre\bin\zip.dll
0x00007ffa2e3d0000 - 0x00007ffa2f8d9000 	C:\Windows\System32\SHELL32.dll
0x00007ffa2d4e0000 - 0x00007ffa2dbba000 	C:\Windows\System32\windows.storage.dll
0x00007ffa2ce70000 - 0x00007ffa2cebc000 	C:\Windows\System32\powrprof.dll
0x00007ffa30450000 - 0x00007ffa304a2000 	C:\Windows\System32\shlwapi.dll
0x00007ffa2ced0000 - 0x00007ffa2cedf000 	C:\Windows\System32\kernel.appcore.dll
0x00007ffa2de30000 - 0x00007ffa2ded9000 	C:\Windows\System32\shcore.dll
0x00007ffa2cee0000 - 0x00007ffa2cef4000 	C:\Windows\System32\profapi.dll
0x00007ffa15fa0000 - 0x00007ffa15fba000 	C:\Program Files\Android\Android Studio\jre\jre\bin\net.dll
0x00007ffa2c460000 - 0x00007ffa2c4bc000 	C:\Windows\system32\mswsock.dll
0x00007ffa15380000 - 0x00007ffa15391000 	C:\Program Files\Android\Android Studio\jre\jre\bin\nio.dll
0x00007ffa22690000 - 0x00007ffa226a2000 	C:\Users\Harsh\.gradle\native\19\windows-amd64\native-platform.dll
0x00007ffa2cc70000 - 0x00007ffa2cc87000 	C:\Windows\SYSTEM32\CRYPTSP.dll
0x00007ffa2c040000 - 0x00007ffa2c073000 	C:\Windows\system32\rsaenh.dll
0x00007ffa2cdb0000 - 0x00007ffa2cddb000 	C:\Windows\SYSTEM32\bcrypt.dll
0x00007ffa2c2c0000 - 0x00007ffa2c2df000 	C:\Windows\SYSTEM32\USERENV.dll
0x00007ffa2c690000 - 0x00007ffa2c69b000 	C:\Windows\SYSTEM32\CRYPTBASE.dll
0x00007ffa2c1c0000 - 0x00007ffa2c1f8000 	C:\Windows\SYSTEM32\IPHLPAPI.DLL
0x00007ffa2e310000 - 0x00007ffa2e318000 	C:\Windows\System32\NSI.dll
0x00007ffa26120000 - 0x00007ffa26136000 	C:\Windows\SYSTEM32\dhcpcsvc6.DLL
0x00007ffa25e90000 - 0x00007ffa25eaa000 	C:\Windows\SYSTEM32\dhcpcsvc.DLL
0x00007ffa2c790000 - 0x00007ffa2c79d000 	C:\Program Files\Android\Android Studio\jre\jre\bin\management.dll
0x00007ffa2c950000 - 0x00007ffa2cae2000 	C:\Windows\SYSTEM32\dbghelp.dll

VM Arguments:
jvm_args: -Xmx1536m -Dfile.encoding=windows-1252 -Duser.country=US -Duser.language=en -Duser.variant 
java_command: org.gradle.launcher.daemon.bootstrap.GradleDaemon 2.14.1
java_class_path (initial): C:\Program Files\Android\Android Studio\gradle\gradle-2.14.1\lib\gradle-launcher-2.14.1.jar
Launcher Type: SUN_STANDARD

Environment Variables:
PATH=C:\ProgramData\Oracle\Java\javapath;C:\Windows\system32;C:\Windows;C:\Windows\System32\Wbem;C:\Windows\System32\WindowsPowerShell\v1.0\;C:\Program Files (x86)\Skype\Phone\;C:\Users\Harsh\AppData\Local\Microsoft\WindowsApps;
USERNAME=Harsh
OS=Windows_NT
PROCESSOR_IDENTIFIER=Intel64 Family 6 Model 58 Stepping 9, GenuineIntel



---------------  S Y S T E M  ---------------

OS: Windows 10.0 , 64 bit Build 14393 (10.0.14393.0)

CPU:total 4 (2 cores per cpu, 2 threads per core) family 6 model 58 stepping 9, cmov, cx8, fxsr, mmx, sse, sse2, sse3, ssse3, sse4.1, sse4.2, popcnt, avx, clmul, erms, ht, tsc, tscinvbit, tscinv

Memory: 4k page, physical 8260968k(3615512k free), swap 9571688k(4491008k free)

vm_info: OpenJDK 64-Bit Server VM (25.76-b03) for windows-amd64 JRE (1.8.0_76-release-b03), built on Jun 29 2016 19:09:20 by "ralucas" with MS VC++ 10.0 (VS2010)

time: Thu Apr 13 00:04:33 2017
elapsed time: 37 seconds (0d 0h 0m 37s)

